{
  "RSpec": {
    "coverage": {
      "/Users/micosmin/Desktop/Makers/Projects/week4/bookmarks_amy/bookmarks/spec/features/home_page_spec.rb": [
        1,
        1,
        1,
        1,
        null,
        null
      ],
      "/Users/micosmin/Desktop/Makers/Projects/week4/bookmarks_amy/bookmarks/spec/features/viewing_bookmarks_spec.rb": [
        1,
        1,
        1,
        1,
        null,
        null
      ],
      "/Users/micosmin/Desktop/Makers/Projects/week4/bookmarks_amy/bookmarks/spec/unit/bookmark_spec.rb": [
        1,
        null,
        1,
        null,
        1,
        1,
        1,
        1,
        null,
        null,
        null,
        null
      ]
    },
    "timestamp": 1553528193
  }
}
